2025-01-28 22:53:25 [main] INFO  TestCases.TC002_loginTest -  starting TestCase 2
2025-01-28 22:53:31 [main] INFO  TestCases.TC002_loginTest - ending test case 2
2025-01-28 22:53:43 [main] INFO  TestCases.TC001_LoginPage -  starting TestCase 1
2025-01-28 22:53:48 [main] INFO  TestCases.TC001_LoginPage - test case ended 1
2025-01-28 22:54:45 [main] INFO  TestCases.TC002_loginTest -  starting TestCase 2
2025-01-28 22:54:51 [main] INFO  TestCases.TC002_loginTest - ending test case 2
2025-01-28 22:55:10 [main] INFO  TestCases.TC001_LoginPage -  starting TestCase 1
2025-01-28 22:55:19 [main] INFO  TestCases.TC001_LoginPage - test case ended 1
2025-02-03 23:17:20 [main] INFO  TestCases.TC002_loginTest -  starting TestCase 2
2025-02-03 23:17:46 [main] INFO  TestCases.TC002_loginTest - ending test case 2
2025-02-03 23:18:12 [main] INFO  TestCases.TC001_LoginPage -  starting TestCase 1
2025-02-03 23:19:41 [main] DEBUG TestCases.TC001_LoginPage - exception occured the test case has been failed 1
2025-02-03 23:21:13 [main] INFO  TestCases.TC002_loginTest -  starting TestCase 2
2025-02-03 23:21:19 [main] INFO  TestCases.TC002_loginTest - test case failed 2
2025-02-03 23:21:38 [main] INFO  TestCases.TC001_LoginPage -  starting TestCase 1
2025-02-03 23:21:43 [main] INFO  TestCases.TC001_LoginPage - test case ended 1
2025-02-03 23:23:34 [main] INFO  TestCases.TC002_loginTest -  starting TestCase 2
2025-02-03 23:23:34 [main] INFO  TestCases.TC002_loginTest - test case failed 2
2025-02-03 23:23:34 [main] INFO  TestCases.TC001_LoginPage -  starting TestCase 1
2025-02-03 23:23:34 [main] DEBUG TestCases.TC001_LoginPage - exception occured the test case has been failed 1
2025-02-03 23:24:31 [main] INFO  TestCases.TC002_loginTest -  starting TestCase 2
2025-02-03 23:24:32 [main] INFO  TestCases.TC002_loginTest - test case failed 2
2025-02-03 23:24:32 [main] INFO  TestCases.TC001_LoginPage -  starting TestCase 1
2025-02-03 23:24:32 [main] DEBUG TestCases.TC001_LoginPage - exception occured the test case has been failed 1
2025-02-04 23:41:41 [main] INFO  TestCases.TC002_loginTest -  starting TestCase 2
2025-02-04 23:41:44 [main] INFO  TestCases.TC002_loginTest - test case failed 2
2025-02-04 23:41:50 [main] INFO  TestCases.TC001_LoginPage -  starting TestCase 1
2025-02-04 23:41:51 [main] DEBUG TestCases.TC001_LoginPage - exception occured the test case has been failed 1
2025-02-05 22:56:10 [main] INFO  TestCases.TC002_loginTest -  starting TestCase 2
2025-02-05 22:56:19 [main] INFO  TestCases.TC002_loginTest - ending test case 2
2025-02-05 22:56:29 [main] INFO  TestCases.TC001_LoginPage -  starting TestCase 1
2025-02-05 22:56:29 [main] DEBUG TestCases.TC001_LoginPage - exception occured the test case has been failed 1
2025-02-05 22:58:05 [main] INFO  TestCases.TC002_loginTest -  starting TestCase 2
2025-02-05 22:58:08 [main] INFO  TestCases.TC002_loginTest - ending test case 2
2025-02-05 22:58:17 [main] INFO  TestCases.TC001_LoginPage -  starting TestCase 1
2025-02-05 22:58:19 [main] INFO  TestCases.TC001_LoginPage - test case ended 1
2025-02-05 23:00:19 [main] INFO  TestCases.TC002_loginTest -  starting TestCase 2
2025-02-05 23:00:24 [main] INFO  TestCases.TC002_loginTest - ending test case 2
2025-02-05 23:00:31 [main] INFO  TestCases.TC001_LoginPage -  starting TestCase 1
2025-02-05 23:00:38 [main] INFO  TestCases.TC001_LoginPage - test case ended 1
2025-02-11 20:55:46 [main] INFO  TestCases.TC002_loginTest -  starting TestCase 2
2025-02-11 20:55:52 [main] INFO  TestCases.TC002_loginTest - ending test case 2
2025-02-11 20:56:05 [main] INFO  TestCases.TC001_LoginPage -  starting TestCase 1
2025-02-11 20:56:08 [main] INFO  TestCases.TC001_LoginPage - test case ended 1
2025-02-11 21:23:17 [main] INFO  TestCases.TC002_loginTest -  starting TestCase 2
2025-02-11 21:23:21 [main] INFO  TestCases.TC002_loginTest - ending test case 2
2025-02-11 21:23:33 [main] INFO  TestCases.TC001_LoginPage -  starting TestCase 1
2025-02-11 21:23:40 [main] INFO  TestCases.TC001_LoginPage - test case ended 1
